<?xml version="1.0" encoding="UTF-8"?>
<coverage generated="1566365103157" clover="3.2.0">
  <project timestamp="1566365103158" name="All files">
    <metrics statements="92" coveredstatements="92" conditionals="66" coveredconditionals="63" methods="13" coveredmethods="13" elements="171" coveredelements="168" complexity="0" loc="92" ncloc="92" packages="1" files="5" classes="5"/>
    <file name="Landcycle.js" path="/Users/Eric/Developer/mtgjson-apps/mtgjson-website/docs/.vuepress/scripts/Landcycle.js">
      <metrics statements="54" coveredstatements="54" conditionals="30" coveredconditionals="30" methods="5" coveredmethods="5"/>
      <line num="10" count="9" type="stmt"/>
      <line num="11" count="9" type="stmt"/>
      <line num="12" count="9" type="stmt"/>
      <line num="13" count="9" type="stmt"/>
      <line num="15" count="9" type="cond" truecount="2" falsecount="0"/>
      <line num="16" count="1" type="stmt"/>
      <line num="19" count="8" type="stmt"/>
      <line num="27" count="77" type="stmt"/>
      <line num="28" count="77" type="stmt"/>
      <line num="29" count="77" type="stmt"/>
      <line num="31" count="77" type="stmt"/>
      <line num="32" count="77" type="stmt"/>
      <line num="33" count="77" type="stmt"/>
      <line num="34" count="77" type="stmt"/>
      <line num="36" count="77" type="cond" truecount="4" falsecount="0"/>
      <line num="37" count="77" type="cond" truecount="4" falsecount="0"/>
      <line num="39" count="77" type="stmt"/>
      <line num="43" count="77" type="cond" truecount="3" falsecount="0"/>
      <line num="46" count="2" type="stmt"/>
      <line num="47" count="2" type="stmt"/>
      <line num="50" count="75" type="stmt"/>
      <line num="51" count="75" type="stmt"/>
      <line num="54" count="77" type="cond" truecount="6" falsecount="0"/>
      <line num="56" count="5" type="stmt"/>
      <line num="57" count="5" type="stmt"/>
      <line num="60" count="14" type="stmt"/>
      <line num="61" count="14" type="stmt"/>
      <line num="64" count="55" type="stmt"/>
      <line num="65" count="55" type="stmt"/>
      <line num="68" count="1" type="stmt"/>
      <line num="70" count="1" type="cond" truecount="2" falsecount="0"/>
      <line num="71" count="1" type="stmt"/>
      <line num="74" count="1" type="stmt"/>
      <line num="76" count="1" type="cond" truecount="2" falsecount="0"/>
      <line num="77" count="1" type="stmt"/>
      <line num="80" count="1" type="stmt"/>
      <line num="82" count="1" type="cond" truecount="2" falsecount="0"/>
      <line num="83" count="1" type="stmt"/>
      <line num="86" count="77" type="stmt"/>
      <line num="94" count="8" type="stmt"/>
      <line num="95" count="220" type="stmt"/>
      <line num="97" count="220" type="stmt"/>
      <line num="98" count="1045" type="stmt"/>
      <line num="99" count="1045" type="stmt"/>
      <line num="101" count="1045" type="cond" truecount="2" falsecount="0"/>
      <line num="102" count="31" type="stmt"/>
      <line num="104" count="31" type="stmt"/>
      <line num="105" count="77" type="stmt"/>
      <line num="106" count="77" type="stmt"/>
      <line num="108" count="77" type="stmt"/>
      <line num="120" count="14" type="stmt"/>
      <line num="123" count="18" type="cond" truecount="2" falsecount="0"/>
      <line num="124" count="4" type="stmt"/>
      <line num="126" count="14" type="stmt"/>
    </file>
    <file name="filter.js" path="/Users/Eric/Developer/mtgjson-apps/mtgjson-website/docs/.vuepress/scripts/filter.js">
      <metrics statements="2" coveredstatements="2" conditionals="2" coveredconditionals="2" methods="2" coveredmethods="2"/>
      <line num="2" count="2" type="cond" truecount="2" falsecount="0"/>
      <line num="5" count="2" type="stmt"/>
    </file>
    <file name="isFuture.js" path="/Users/Eric/Developer/mtgjson-apps/mtgjson-website/docs/.vuepress/scripts/isFuture.js">
      <metrics statements="20" coveredstatements="20" conditionals="17" coveredconditionals="17" methods="1" coveredmethods="1"/>
      <line num="2" count="10" type="stmt"/>
      <line num="3" count="10" type="stmt"/>
      <line num="4" count="10" type="stmt"/>
      <line num="5" count="10" type="stmt"/>
      <line num="7" count="10" type="cond" truecount="2" falsecount="0"/>
      <line num="8" count="7" type="stmt"/>
      <line num="10" count="3" type="cond" truecount="4" falsecount="0"/>
      <line num="11" count="1" type="stmt"/>
      <line num="12" count="2" type="cond" truecount="2" falsecount="0"/>
      <line num="13" count="1" type="stmt"/>
      <line num="15" count="1" type="stmt"/>
      <line num="19" count="9" type="cond" truecount="4" falsecount="0"/>
      <line num="20" count="6" type="stmt"/>
      <line num="21" count="3" type="cond" truecount="2" falsecount="0"/>
      <line num="22" count="1" type="stmt"/>
      <line num="25" count="8" type="stmt"/>
      <line num="26" count="8" type="stmt"/>
      <line num="27" count="8" type="stmt"/>
      <line num="29" count="8" type="cond" truecount="3" falsecount="0"/>
      <line num="31" count="8" type="stmt"/>
    </file>
    <file name="prettifyType.js" path="/Users/Eric/Developer/mtgjson-apps/mtgjson-website/docs/.vuepress/scripts/prettifyType.js">
      <metrics statements="2" coveredstatements="2" conditionals="0" coveredconditionals="0" methods="2" coveredmethods="2"/>
      <line num="2" count="1" type="stmt"/>
      <line num="7" count="3" type="stmt"/>
    </file>
    <file name="sort.js" path="/Users/Eric/Developer/mtgjson-apps/mtgjson-website/docs/.vuepress/scripts/sort.js">
      <metrics statements="14" coveredstatements="14" conditionals="17" coveredconditionals="14" methods="3" coveredmethods="3"/>
      <line num="4" count="5" type="cond" truecount="2" falsecount="0"/>
      <line num="5" count="2" type="stmt"/>
      <line num="8" count="3" type="cond" truecount="2" falsecount="0"/>
      <line num="9" count="1" type="stmt"/>
      <line num="12" count="2" type="cond" truecount="1" falsecount="1"/>
      <line num="13" count="1" type="stmt"/>
      <line num="18" count="1" type="stmt"/>
      <line num="19" count="8" type="cond" truecount="2" falsecount="0"/>
      <line num="20" count="8" type="cond" truecount="2" falsecount="0"/>
      <line num="21" count="8" type="cond" truecount="1" falsecount="1"/>
      <line num="24" count="1" type="stmt"/>
      <line num="25" count="4" type="stmt"/>
      <line num="26" count="4" type="stmt"/>
      <line num="29" count="4" type="cond" truecount="2" falsecount="0"/>
    </file>
  </project>
</coverage>
