<?xml version="1.0" encoding="UTF-8"?>
<coverage generated="1567538894000" clover="3.2.0">
  <project timestamp="1567538894000" name="All files">
    <metrics statements="93" coveredstatements="93" conditionals="62" coveredconditionals="62" methods="12" coveredmethods="12" elements="167" coveredelements="167" complexity="0" loc="93" ncloc="93" packages="1" files="5" classes="5"/>
    <file name="Landcycle.js" path="/Users/Eric/Developer/mtgjson-apps/mtgjson-website/docs/.vuepress/scripts/Landcycle.js">
      <metrics statements="54" coveredstatements="54" conditionals="30" coveredconditionals="30" methods="5" coveredmethods="5"/>
      <line num="10" count="9" type="stmt"/>
      <line num="11" count="9" type="stmt"/>
      <line num="12" count="9" type="stmt"/>
      <line num="13" count="9" type="stmt"/>
      <line num="15" count="9" type="cond" truecount="2" falsecount="0"/>
      <line num="16" count="1" type="stmt"/>
      <line num="19" count="8" type="stmt"/>
      <line num="27" count="77" type="stmt"/>
      <line num="28" count="77" type="stmt"/>
      <line num="29" count="77" type="stmt"/>
      <line num="31" count="77" type="stmt"/>
      <line num="32" count="77" type="stmt"/>
      <line num="33" count="77" type="stmt"/>
      <line num="34" count="77" type="stmt"/>
      <line num="36" count="77" type="cond" truecount="4" falsecount="0"/>
      <line num="37" count="77" type="cond" truecount="4" falsecount="0"/>
      <line num="39" count="77" type="stmt"/>
      <line num="43" count="77" type="cond" truecount="3" falsecount="0"/>
      <line num="46" count="2" type="stmt"/>
      <line num="47" count="2" type="stmt"/>
      <line num="50" count="75" type="stmt"/>
      <line num="51" count="75" type="stmt"/>
      <line num="54" count="77" type="cond" truecount="6" falsecount="0"/>
      <line num="56" count="5" type="stmt"/>
      <line num="57" count="5" type="stmt"/>
      <line num="60" count="14" type="stmt"/>
      <line num="61" count="14" type="stmt"/>
      <line num="64" count="55" type="stmt"/>
      <line num="65" count="55" type="stmt"/>
      <line num="68" count="1" type="stmt"/>
      <line num="70" count="1" type="cond" truecount="2" falsecount="0"/>
      <line num="71" count="1" type="stmt"/>
      <line num="74" count="1" type="stmt"/>
      <line num="76" count="1" type="cond" truecount="2" falsecount="0"/>
      <line num="77" count="1" type="stmt"/>
      <line num="80" count="1" type="stmt"/>
      <line num="82" count="1" type="cond" truecount="2" falsecount="0"/>
      <line num="83" count="1" type="stmt"/>
      <line num="86" count="77" type="stmt"/>
      <line num="94" count="8" type="stmt"/>
      <line num="95" count="220" type="stmt"/>
      <line num="97" count="220" type="stmt"/>
      <line num="98" count="1048" type="stmt"/>
      <line num="99" count="1048" type="stmt"/>
      <line num="101" count="1048" type="cond" truecount="2" falsecount="0"/>
      <line num="102" count="31" type="stmt"/>
      <line num="104" count="31" type="stmt"/>
      <line num="105" count="77" type="stmt"/>
      <line num="106" count="77" type="stmt"/>
      <line num="108" count="77" type="stmt"/>
      <line num="120" count="14" type="stmt"/>
      <line num="123" count="18" type="cond" truecount="2" falsecount="0"/>
      <line num="124" count="4" type="stmt"/>
      <line num="126" count="14" type="stmt"/>
    </file>
    <file name="filter.js" path="/Users/Eric/Developer/mtgjson-apps/mtgjson-website/docs/.vuepress/scripts/filter.js">
      <metrics statements="2" coveredstatements="2" conditionals="2" coveredconditionals="2" methods="2" coveredmethods="2"/>
      <line num="2" count="2" type="cond" truecount="2" falsecount="0"/>
      <line num="5" count="2" type="stmt"/>
    </file>
    <file name="isFuture.js" path="/Users/Eric/Developer/mtgjson-apps/mtgjson-website/docs/.vuepress/scripts/isFuture.js">
      <metrics statements="22" coveredstatements="22" conditionals="14" coveredconditionals="14" methods="1" coveredmethods="1"/>
      <line num="2" count="14" type="stmt"/>
      <line num="3" count="14" type="stmt"/>
      <line num="5" count="14" type="stmt"/>
      <line num="6" count="14" type="stmt"/>
      <line num="7" count="14" type="stmt"/>
      <line num="8" count="14" type="stmt"/>
      <line num="10" count="14" type="cond" truecount="2" falsecount="0"/>
      <line num="11" count="1" type="stmt"/>
      <line num="13" count="13" type="cond" truecount="2" falsecount="0"/>
      <line num="14" count="9" type="stmt"/>
      <line num="15" count="4" type="cond" truecount="2" falsecount="0"/>
      <line num="16" count="3" type="stmt"/>
      <line num="18" count="1" type="stmt"/>
      <line num="22" count="12" type="cond" truecount="2" falsecount="0"/>
      <line num="23" count="6" type="cond" truecount="2" falsecount="0"/>
      <line num="24" count="1" type="stmt"/>
      <line num="25" count="5" type="cond" truecount="2" falsecount="0"/>
      <line num="26" count="4" type="stmt"/>
      <line num="28" count="1" type="stmt"/>
      <line num="32" count="11" type="cond" truecount="2" falsecount="0"/>
      <line num="34" count="11" type="stmt"/>
      <line num="36" count="11" type="stmt"/>
    </file>
    <file name="prettifyType.js" path="/Users/Eric/Developer/mtgjson-apps/mtgjson-website/docs/.vuepress/scripts/prettifyType.js">
      <metrics statements="2" coveredstatements="2" conditionals="0" coveredconditionals="0" methods="2" coveredmethods="2"/>
      <line num="2" count="1" type="stmt"/>
      <line num="7" count="3" type="stmt"/>
    </file>
    <file name="sort.js" path="/Users/Eric/Developer/mtgjson-apps/mtgjson-website/docs/.vuepress/scripts/sort.js">
      <metrics statements="13" coveredstatements="13" conditionals="16" coveredconditionals="16" methods="2" coveredmethods="2"/>
      <line num="4" count="8" type="cond" truecount="2" falsecount="0"/>
      <line num="5" count="8" type="cond" truecount="2" falsecount="0"/>
      <line num="7" count="8" type="cond" truecount="2" falsecount="0"/>
      <line num="8" count="2" type="stmt"/>
      <line num="11" count="6" type="cond" truecount="5" falsecount="0"/>
      <line num="12" count="3" type="stmt"/>
      <line num="15" count="3" type="stmt"/>
      <line num="16" count="3" type="cond" truecount="2" falsecount="0"/>
      <line num="17" count="3" type="stmt"/>
      <line num="19" count="3" type="stmt"/>
      <line num="20" count="12" type="stmt"/>
      <line num="21" count="12" type="stmt"/>
      <line num="25" count="12" type="cond" truecount="2" falsecount="0"/>
    </file>
  </project>
</coverage>
