{"/Users/Eric/Developer/mtgjson-apps/mtgjson-website/docs/.vuepress/scripts/Landcycle.js": {"path":"/Users/Eric/Developer/mtgjson-apps/mtgjson-website/docs/.vuepress/scripts/Landcycle.js","statementMap":{"0":{"start":{"line":10,"column":4},"end":{"line":10,"column":30}},"1":{"start":{"line":11,"column":4},"end":{"line":11,"column":25}},"2":{"start":{"line":12,"column":4},"end":{"line":12,"column":29}},"3":{"start":{"line":13,"column":4},"end":{"line":13,"column":37}},"4":{"start":{"line":15,"column":4},"end":{"line":17,"column":5}},"5":{"start":{"line":16,"column":6},"end":{"line":16,"column":56}},"6":{"start":{"line":19,"column":4},"end":{"line":19,"column":17}},"7":{"start":{"line":27,"column":18},"end":{"line":27,"column":43}},"8":{"start":{"line":28,"column":16},"end":{"line":28,"column":35}},"9":{"start":{"line":29,"column":20},"end":{"line":29,"column":30}},"10":{"start":{"line":31,"column":17},"end":{"line":31,"column":19}},"11":{"start":{"line":32,"column":17},"end":{"line":32,"column":20}},"12":{"start":{"line":33,"column":15},"end":{"line":33,"column":36}},"13":{"start":{"line":34,"column":19},"end":{"line":34,"column":41}},"14":{"start":{"line":36,"column":4},"end":{"line":36,"column":59}},"15":{"start":{"line":37,"column":4},"end":{"line":37,"column":60}},"16":{"start":{"line":39,"column":22},"end":{"line":41,"column":17}},"17":{"start":{"line":43,"column":4},"end":{"line":52,"column":5}},"18":{"start":{"line":46,"column":8},"end":{"line":46,"column":25}},"19":{"start":{"line":47,"column":8},"end":{"line":47,"column":14}},"20":{"start":{"line":50,"column":8},"end":{"line":50,"column":30}},"21":{"start":{"line":51,"column":8},"end":{"line":51,"column":14}},"22":{"start":{"line":54,"column":4},"end":{"line":84,"column":5}},"23":{"start":{"line":56,"column":8},"end":{"line":56,"column":87}},"24":{"start":{"line":57,"column":8},"end":{"line":57,"column":14}},"25":{"start":{"line":60,"column":8},"end":{"line":60,"column":93}},"26":{"start":{"line":61,"column":8},"end":{"line":61,"column":14}},"27":{"start":{"line":64,"column":8},"end":{"line":64,"column":40}},"28":{"start":{"line":65,"column":8},"end":{"line":65,"column":14}},"29":{"start":{"line":68,"column":28},"end":{"line":68,"column":45}},"30":{"start":{"line":70,"column":8},"end":{"line":70,"column":33}},"31":{"start":{"line":71,"column":8},"end":{"line":71,"column":14}},"32":{"start":{"line":74,"column":25},"end":{"line":74,"column":42}},"33":{"start":{"line":76,"column":8},"end":{"line":76,"column":37}},"34":{"start":{"line":77,"column":8},"end":{"line":77,"column":14}},"35":{"start":{"line":80,"column":31},"end":{"line":80,"column":48}},"36":{"start":{"line":82,"column":8},"end":{"line":82,"column":43}},"37":{"start":{"line":83,"column":8},"end":{"line":83,"column":14}},"38":{"start":{"line":86,"column":4},"end":{"line":86,"column":18}},"39":{"start":{"line":94,"column":4},"end":{"line":112,"column":5}},"40":{"start":{"line":95,"column":23},"end":{"line":95,"column":39}},"41":{"start":{"line":97,"column":6},"end":{"line":111,"column":7}},"42":{"start":{"line":98,"column":22},"end":{"line":98,"column":40}},"43":{"start":{"line":99,"column":24},"end":{"line":99,"column":58}},"44":{"start":{"line":101,"column":8},"end":{"line":110,"column":9}},"45":{"start":{"line":102,"column":24},"end":{"line":102,"column":26}},"46":{"start":{"line":104,"column":10},"end":{"line":109,"column":11}},"47":{"start":{"line":105,"column":30},"end":{"line":105,"column":59}},"48":{"start":{"line":106,"column":12},"end":{"line":106,"column":77}},"49":{"start":{"line":108,"column":12},"end":{"line":108,"column":49}},"50":{"start":{"line":120,"column":4},"end":{"line":128,"column":16}},"51":{"start":{"line":123,"column":8},"end":{"line":125,"column":9}},"52":{"start":{"line":124,"column":10},"end":{"line":124,"column":56}},"53":{"start":{"line":126,"column":8},"end":{"line":126,"column":17}}},"fnMap":{"0":{"name":"(anonymous_0)","decl":{"start":{"line":9,"column":2},"end":{"line":9,"column":3}},"loc":{"start":{"line":9,"column":41},"end":{"line":20,"column":3}},"line":9},"1":{"name":"(anonymous_1)","decl":{"start":{"line":26,"column":2},"end":{"line":26,"column":3}},"loc":{"start":{"line":26,"column":15},"end":{"line":87,"column":3}},"line":26},"2":{"name":"(anonymous_2)","decl":{"start":{"line":93,"column":2},"end":{"line":93,"column":3}},"loc":{"start":{"line":93,"column":10},"end":{"line":113,"column":3}},"line":93},"3":{"name":"(anonymous_3)","decl":{"start":{"line":119,"column":2},"end":{"line":119,"column":3}},"loc":{"start":{"line":119,"column":14},"end":{"line":129,"column":3}},"line":119},"4":{"name":"(anonymous_4)","decl":{"start":{"line":122,"column":11},"end":{"line":122,"column":12}},"loc":{"start":{"line":122,"column":21},"end":{"line":127,"column":7}},"line":122}},"branchMap":{"0":{"loc":{"start":{"line":9,"column":22},"end":{"line":9,"column":39}},"type":"default-arg","locations":[{"start":{"line":9,"column":37},"end":{"line":9,"column":39}}],"line":9},"1":{"loc":{"start":{"line":15,"column":4},"end":{"line":17,"column":5}},"type":"if","locations":[{"start":{"line":15,"column":4},"end":{"line":17,"column":5}},{"start":{"line":15,"column":4},"end":{"line":17,"column":5}}],"line":15},"2":{"loc":{"start":{"line":36,"column":11},"end":{"line":36,"column":58}},"type":"cond-expr","locations":[{"start":{"line":36,"column":29},"end":{"line":36,"column":36}},{"start":{"line":36,"column":39},"end":{"line":36,"column":58}}],"line":36},"3":{"loc":{"start":{"line":36,"column":11},"end":{"line":36,"column":26}},"type":"binary-expr","locations":[{"start":{"line":36,"column":11},"end":{"line":36,"column":15}},{"start":{"line":36,"column":19},"end":{"line":36,"column":26}}],"line":36},"4":{"loc":{"start":{"line":37,"column":15},"end":{"line":37,"column":59}},"type":"cond-expr","locations":[{"start":{"line":37,"column":41},"end":{"line":37,"column":52}},{"start":{"line":37,"column":55},"end":{"line":37,"column":59}}],"line":37},"5":{"loc":{"start":{"line":37,"column":15},"end":{"line":37,"column":38}},"type":"binary-expr","locations":[{"start":{"line":37,"column":15},"end":{"line":37,"column":23}},{"start":{"line":37,"column":27},"end":{"line":37,"column":38}}],"line":37},"6":{"loc":{"start":{"line":43,"column":4},"end":{"line":52,"column":5}},"type":"switch","locations":[{"start":{"line":44,"column":6},"end":{"line":44,"column":21}},{"start":{"line":45,"column":6},"end":{"line":47,"column":14}},{"start":{"line":49,"column":6},"end":{"line":51,"column":14}}],"line":43},"7":{"loc":{"start":{"line":54,"column":4},"end":{"line":84,"column":5}},"type":"switch","locations":[{"start":{"line":55,"column":6},"end":{"line":57,"column":14}},{"start":{"line":59,"column":6},"end":{"line":61,"column":14}},{"start":{"line":63,"column":6},"end":{"line":65,"column":14}},{"start":{"line":67,"column":6},"end":{"line":71,"column":14}},{"start":{"line":73,"column":6},"end":{"line":77,"column":14}},{"start":{"line":79,"column":6},"end":{"line":83,"column":14}}],"line":54},"8":{"loc":{"start":{"line":70,"column":17},"end":{"line":70,"column":32}},"type":"binary-expr","locations":[{"start":{"line":70,"column":17},"end":{"line":70,"column":24}},{"start":{"line":70,"column":28},"end":{"line":70,"column":32}}],"line":70},"9":{"loc":{"start":{"line":76,"column":17},"end":{"line":76,"column":36}},"type":"binary-expr","locations":[{"start":{"line":76,"column":17},"end":{"line":76,"column":21}},{"start":{"line":76,"column":25},"end":{"line":76,"column":36}}],"line":76},"10":{"loc":{"start":{"line":82,"column":17},"end":{"line":82,"column":42}},"type":"binary-expr","locations":[{"start":{"line":82,"column":17},"end":{"line":82,"column":27}},{"start":{"line":82,"column":31},"end":{"line":82,"column":42}}],"line":82},"11":{"loc":{"start":{"line":101,"column":8},"end":{"line":110,"column":9}},"type":"if","locations":[{"start":{"line":101,"column":8},"end":{"line":110,"column":9}},{"start":{"line":101,"column":8},"end":{"line":110,"column":9}}],"line":101},"12":{"loc":{"start":{"line":123,"column":8},"end":{"line":125,"column":9}},"type":"if","locations":[{"start":{"line":123,"column":8},"end":{"line":125,"column":9}},{"start":{"line":123,"column":8},"end":{"line":125,"column":9}}],"line":123}},"s":{"0":9,"1":9,"2":9,"3":9,"4":9,"5":1,"6":8,"7":77,"8":77,"9":77,"10":77,"11":77,"12":77,"13":77,"14":77,"15":77,"16":77,"17":77,"18":2,"19":2,"20":75,"21":75,"22":77,"23":5,"24":5,"25":14,"26":14,"27":55,"28":55,"29":1,"30":1,"31":1,"32":1,"33":1,"34":1,"35":1,"36":1,"37":1,"38":77,"39":8,"40":220,"41":220,"42":1045,"43":1045,"44":1045,"45":31,"46":31,"47":77,"48":77,"49":77,"50":14,"51":18,"52":4,"53":14},"f":{"0":9,"1":77,"2":8,"3":14,"4":18},"b":{"0":[8],"1":[1,8],"2":[5,72],"3":[77,5],"4":[5,72],"5":[77,5],"6":[2,2,75],"7":[5,14,55,1,1,1],"8":[1,1],"9":[1,1],"10":[1,1],"11":[31,1014],"12":[4,14]},"_coverageSchema":"43e27e138ebf9cfc5966b082cf9a028302ed4184","hash":"94ceabc0c9b5e68a7089c4d24750e9379bad28eb"}
,"/Users/Eric/Developer/mtgjson-apps/mtgjson-website/docs/.vuepress/scripts/filter.js": {"path":"/Users/Eric/Developer/mtgjson-apps/mtgjson-website/docs/.vuepress/scripts/filter.js","statementMap":{"0":{"start":{"line":2,"column":2},"end":{"line":5,"column":54}},"1":{"start":{"line":5,"column":33},"end":{"line":5,"column":52}}},"fnMap":{"0":{"name":"(anonymous_0)","decl":{"start":{"line":1,"column":15},"end":{"line":1,"column":16}},"loc":{"start":{"line":1,"column":41},"end":{"line":6,"column":1}},"line":1},"1":{"name":"(anonymous_1)","decl":{"start":{"line":5,"column":26},"end":{"line":5,"column":27}},"loc":{"start":{"line":5,"column":33},"end":{"line":5,"column":52}},"line":5}},"branchMap":{"0":{"loc":{"start":{"line":2,"column":9},"end":{"line":5,"column":53}},"type":"cond-expr","locations":[{"start":{"line":4,"column":4},"end":{"line":4,"column":16}},{"start":{"line":5,"column":6},"end":{"line":5,"column":53}}],"line":2}},"s":{"0":2,"1":2},"f":{"0":2,"1":2},"b":{"0":[1,1]},"_coverageSchema":"43e27e138ebf9cfc5966b082cf9a028302ed4184","hash":"bd556744ac9fc9104da957b70ba1677ae24d5ab9"}
,"/Users/Eric/Developer/mtgjson-apps/mtgjson-website/docs/.vuepress/scripts/isFuture.js": {"path":"/Users/Eric/Developer/mtgjson-apps/mtgjson-website/docs/.vuepress/scripts/isFuture.js","statementMap":{"0":{"start":{"line":2,"column":21},"end":{"line":2,"column":32}},"1":{"start":{"line":3,"column":24},"end":{"line":3,"column":38}},"2":{"start":{"line":5,"column":12},"end":{"line":5,"column":21}},"3":{"start":{"line":6,"column":13},"end":{"line":6,"column":22}},"4":{"start":{"line":7,"column":15},"end":{"line":7,"column":24}},"5":{"start":{"line":8,"column":17},"end":{"line":8,"column":26}},"6":{"start":{"line":10,"column":2},"end":{"line":20,"column":3}},"7":{"start":{"line":11,"column":4},"end":{"line":11,"column":65}},"8":{"start":{"line":13,"column":4},"end":{"line":19,"column":5}},"9":{"start":{"line":14,"column":6},"end":{"line":14,"column":28}},"10":{"start":{"line":15,"column":11},"end":{"line":19,"column":5}},"11":{"start":{"line":16,"column":6},"end":{"line":16,"column":18}},"12":{"start":{"line":18,"column":6},"end":{"line":18,"column":67}},"13":{"start":{"line":22,"column":2},"end":{"line":30,"column":3}},"14":{"start":{"line":23,"column":4},"end":{"line":29,"column":5}},"15":{"start":{"line":24,"column":6},"end":{"line":24,"column":33}},"16":{"start":{"line":25,"column":11},"end":{"line":29,"column":5}},"17":{"start":{"line":26,"column":6},"end":{"line":26,"column":23}},"18":{"start":{"line":28,"column":6},"end":{"line":28,"column":81}},"19":{"start":{"line":32,"column":2},"end":{"line":32,"column":37}},"20":{"start":{"line":34,"column":2},"end":{"line":34,"column":24}},"21":{"start":{"line":36,"column":2},"end":{"line":36,"column":18}}},"fnMap":{"0":{"name":"(anonymous_0)","decl":{"start":{"line":1,"column":15},"end":{"line":1,"column":16}},"loc":{"start":{"line":1,"column":34},"end":{"line":37,"column":1}},"line":1}},"branchMap":{"0":{"loc":{"start":{"line":10,"column":2},"end":{"line":20,"column":3}},"type":"if","locations":[{"start":{"line":10,"column":2},"end":{"line":20,"column":3}},{"start":{"line":10,"column":2},"end":{"line":20,"column":3}}],"line":10},"1":{"loc":{"start":{"line":13,"column":4},"end":{"line":19,"column":5}},"type":"if","locations":[{"start":{"line":13,"column":4},"end":{"line":19,"column":5}},{"start":{"line":13,"column":4},"end":{"line":19,"column":5}}],"line":13},"2":{"loc":{"start":{"line":15,"column":11},"end":{"line":19,"column":5}},"type":"if","locations":[{"start":{"line":15,"column":11},"end":{"line":19,"column":5}},{"start":{"line":15,"column":11},"end":{"line":19,"column":5}}],"line":15},"3":{"loc":{"start":{"line":22,"column":2},"end":{"line":30,"column":3}},"type":"if","locations":[{"start":{"line":22,"column":2},"end":{"line":30,"column":3}},{"start":{"line":22,"column":2},"end":{"line":30,"column":3}}],"line":22},"4":{"loc":{"start":{"line":23,"column":4},"end":{"line":29,"column":5}},"type":"if","locations":[{"start":{"line":23,"column":4},"end":{"line":29,"column":5}},{"start":{"line":23,"column":4},"end":{"line":29,"column":5}}],"line":23},"5":{"loc":{"start":{"line":25,"column":11},"end":{"line":29,"column":5}},"type":"if","locations":[{"start":{"line":25,"column":11},"end":{"line":29,"column":5}},{"start":{"line":25,"column":11},"end":{"line":29,"column":5}}],"line":25},"6":{"loc":{"start":{"line":32,"column":8},"end":{"line":32,"column":36}},"type":"cond-expr","locations":[{"start":{"line":32,"column":17},"end":{"line":32,"column":23}},{"start":{"line":32,"column":26},"end":{"line":32,"column":36}}],"line":32}},"s":{"0":14,"1":14,"2":14,"3":14,"4":14,"5":14,"6":14,"7":1,"8":13,"9":9,"10":4,"11":3,"12":1,"13":12,"14":6,"15":1,"16":5,"17":4,"18":1,"19":11,"20":11,"21":11},"f":{"0":14},"b":{"0":[1,13],"1":[9,4],"2":[3,1],"3":[6,6],"4":[1,5],"5":[4,1],"6":[5,6]},"_coverageSchema":"43e27e138ebf9cfc5966b082cf9a028302ed4184","hash":"72f32dc463da6a4d59cd05ddfddd077d8547f3fb"}
,"/Users/Eric/Developer/mtgjson-apps/mtgjson-website/docs/.vuepress/scripts/prettifyType.js": {"path":"/Users/Eric/Developer/mtgjson-apps/mtgjson-website/docs/.vuepress/scripts/prettifyType.js","statementMap":{"0":{"start":{"line":2,"column":2},"end":{"line":10,"column":4}},"1":{"start":{"line":7,"column":18},"end":{"line":7,"column":60}}},"fnMap":{"0":{"name":"(anonymous_0)","decl":{"start":{"line":1,"column":15},"end":{"line":1,"column":16}},"loc":{"start":{"line":1,"column":22},"end":{"line":11,"column":1}},"line":1},"1":{"name":"(anonymous_1)","decl":{"start":{"line":7,"column":11},"end":{"line":7,"column":12}},"loc":{"start":{"line":7,"column":18},"end":{"line":7,"column":60}},"line":7}},"branchMap":{},"s":{"0":1,"1":3},"f":{"0":1,"1":3},"b":{},"_coverageSchema":"43e27e138ebf9cfc5966b082cf9a028302ed4184","hash":"45e8557d7b7a2441ae7f62c675daf2b57076b104"}
,"/Users/Eric/Developer/mtgjson-apps/mtgjson-website/docs/.vuepress/scripts/sort.js": {"path":"/Users/Eric/Developer/mtgjson-apps/mtgjson-website/docs/.vuepress/scripts/sort.js","statementMap":{"0":{"start":{"line":4,"column":2},"end":{"line":6,"column":3}},"1":{"start":{"line":5,"column":4},"end":{"line":5,"column":55}},"2":{"start":{"line":8,"column":2},"end":{"line":10,"column":3}},"3":{"start":{"line":9,"column":4},"end":{"line":9,"column":22}},"4":{"start":{"line":12,"column":17},"end":{"line":12,"column":94}},"5":{"start":{"line":13,"column":17},"end":{"line":16,"column":3}},"6":{"start":{"line":18,"column":18},"end":{"line":22,"column":3}},"7":{"start":{"line":19,"column":19},"end":{"line":19,"column":62}},"8":{"start":{"line":20,"column":17},"end":{"line":20,"column":47}},"9":{"start":{"line":21,"column":4},"end":{"line":21,"column":45}},"10":{"start":{"line":24,"column":2},"end":{"line":30,"column":5}},"11":{"start":{"line":25,"column":4},"end":{"line":25,"column":32}},"12":{"start":{"line":26,"column":4},"end":{"line":26,"column":32}},"13":{"start":{"line":29,"column":4},"end":{"line":29,"column":49}}},"fnMap":{"0":{"name":"(anonymous_0)","decl":{"start":{"line":3,"column":15},"end":{"line":3,"column":16}},"loc":{"start":{"line":3,"column":43},"end":{"line":31,"column":1}},"line":3},"1":{"name":"(anonymous_1)","decl":{"start":{"line":18,"column":18},"end":{"line":18,"column":19}},"loc":{"start":{"line":18,"column":34},"end":{"line":22,"column":3}},"line":18},"2":{"name":"(anonymous_2)","decl":{"start":{"line":24,"column":25},"end":{"line":24,"column":26}},"loc":{"start":{"line":24,"column":35},"end":{"line":30,"column":3}},"line":24}},"branchMap":{"0":{"loc":{"start":{"line":3,"column":16},"end":{"line":3,"column":26}},"type":"default-arg","locations":[{"start":{"line":3,"column":24},"end":{"line":3,"column":26}}],"line":3},"1":{"loc":{"start":{"line":4,"column":2},"end":{"line":6,"column":3}},"type":"if","locations":[{"start":{"line":4,"column":2},"end":{"line":6,"column":3}},{"start":{"line":4,"column":2},"end":{"line":6,"column":3}}],"line":4},"2":{"loc":{"start":{"line":8,"column":2},"end":{"line":10,"column":3}},"type":"if","locations":[{"start":{"line":8,"column":2},"end":{"line":10,"column":3}},{"start":{"line":8,"column":2},"end":{"line":10,"column":3}}],"line":8},"3":{"loc":{"start":{"line":12,"column":17},"end":{"line":12,"column":94}},"type":"cond-expr","locations":[{"start":{"line":12,"column":39},"end":{"line":12,"column":75}},{"start":{"line":12,"column":78},"end":{"line":12,"column":94}}],"line":12},"4":{"loc":{"start":{"line":15,"column":10},"end":{"line":15,"column":28}},"type":"cond-expr","locations":[{"start":{"line":15,"column":22},"end":{"line":15,"column":24}},{"start":{"line":15,"column":27},"end":{"line":15,"column":28}}],"line":15},"5":{"loc":{"start":{"line":19,"column":19},"end":{"line":19,"column":62}},"type":"binary-expr","locations":[{"start":{"line":19,"column":19},"end":{"line":19,"column":33}},{"start":{"line":19,"column":37},"end":{"line":19,"column":62}}],"line":19},"6":{"loc":{"start":{"line":20,"column":17},"end":{"line":20,"column":47}},"type":"binary-expr","locations":[{"start":{"line":20,"column":17},"end":{"line":20,"column":25}},{"start":{"line":20,"column":29},"end":{"line":20,"column":47}}],"line":20},"7":{"loc":{"start":{"line":21,"column":11},"end":{"line":21,"column":44}},"type":"cond-expr","locations":[{"start":{"line":21,"column":20},"end":{"line":21,"column":36}},{"start":{"line":21,"column":39},"end":{"line":21,"column":44}}],"line":21},"8":{"loc":{"start":{"line":29,"column":26},"end":{"line":29,"column":47}},"type":"cond-expr","locations":[{"start":{"line":29,"column":34},"end":{"line":29,"column":36}},{"start":{"line":29,"column":39},"end":{"line":29,"column":47}}],"line":29}},"s":{"0":5,"1":2,"2":3,"3":1,"4":2,"5":1,"6":1,"7":8,"8":8,"9":8,"10":1,"11":4,"12":4,"13":4},"f":{"0":5,"1":8,"2":4},"b":{"0":[1],"1":[2,3],"2":[1,2],"3":[0,2],"4":[1,0],"5":[8,8],"6":[8,8],"7":[8,0],"8":[2,2]},"_coverageSchema":"43e27e138ebf9cfc5966b082cf9a028302ed4184","hash":"f91ad184dcb47b131004171f45661780debce022"}
}
