TN:
SF:/Users/Eric/Developer/mtgjson-apps/mtgjson-website/docs/.vuepress/scripts/Landcycle.js
FN:9,(anonymous_0)
FN:26,(anonymous_1)
FN:93,(anonymous_2)
FN:119,(anonymous_3)
FN:122,(anonymous_4)
FNF:5
FNH:5
FNDA:9,(anonymous_0)
FNDA:77,(anonymous_1)
FNDA:8,(anonymous_2)
FNDA:14,(anonymous_3)
FNDA:18,(anonymous_4)
DA:10,9
DA:11,9
DA:12,9
DA:13,9
DA:15,9
DA:16,1
DA:19,8
DA:27,77
DA:28,77
DA:29,77
DA:31,77
DA:32,77
DA:33,77
DA:34,77
DA:36,77
DA:37,77
DA:39,77
DA:43,77
DA:46,2
DA:47,2
DA:50,75
DA:51,75
DA:54,77
DA:56,5
DA:57,5
DA:60,14
DA:61,14
DA:64,55
DA:65,55
DA:68,1
DA:70,1
DA:71,1
DA:74,1
DA:76,1
DA:77,1
DA:80,1
DA:82,1
DA:83,1
DA:86,77
DA:94,8
DA:95,220
DA:97,220
DA:98,1045
DA:99,1045
DA:101,1045
DA:102,31
DA:104,31
DA:105,77
DA:106,77
DA:108,77
DA:120,14
DA:123,18
DA:124,4
DA:126,14
LF:54
LH:54
BRDA:9,0,0,8
BRDA:15,1,0,1
BRDA:15,1,1,8
BRDA:36,2,0,5
BRDA:36,2,1,72
BRDA:36,3,0,77
BRDA:36,3,1,5
BRDA:37,4,0,5
BRDA:37,4,1,72
BRDA:37,5,0,77
BRDA:37,5,1,5
BRDA:43,6,0,2
BRDA:43,6,1,2
BRDA:43,6,2,75
BRDA:54,7,0,5
BRDA:54,7,1,14
BRDA:54,7,2,55
BRDA:54,7,3,1
BRDA:54,7,4,1
BRDA:54,7,5,1
BRDA:70,8,0,1
BRDA:70,8,1,1
BRDA:76,9,0,1
BRDA:76,9,1,1
BRDA:82,10,0,1
BRDA:82,10,1,1
BRDA:101,11,0,31
BRDA:101,11,1,1014
BRDA:123,12,0,4
BRDA:123,12,1,14
BRF:30
BRH:30
end_of_record
TN:
SF:/Users/Eric/Developer/mtgjson-apps/mtgjson-website/docs/.vuepress/scripts/filter.js
FN:1,(anonymous_0)
FN:5,(anonymous_1)
FNF:2
FNH:2
FNDA:2,(anonymous_0)
FNDA:2,(anonymous_1)
DA:2,2
DA:5,2
LF:2
LH:2
BRDA:2,0,0,1
BRDA:2,0,1,1
BRF:2
BRH:2
end_of_record
TN:
SF:/Users/Eric/Developer/mtgjson-apps/mtgjson-website/docs/.vuepress/scripts/isFuture.js
FN:1,(anonymous_0)
FNF:1
FNH:1
FNDA:10,(anonymous_0)
DA:2,10
DA:3,10
DA:4,10
DA:5,10
DA:7,10
DA:8,7
DA:10,3
DA:11,1
DA:12,2
DA:13,1
DA:15,1
DA:19,9
DA:20,6
DA:21,3
DA:22,1
DA:25,8
DA:26,8
DA:27,8
DA:29,8
DA:31,8
LF:20
LH:20
BRDA:7,0,0,7
BRDA:7,0,1,3
BRDA:10,1,0,1
BRDA:10,1,1,2
BRDA:10,2,0,3
BRDA:10,2,1,2
BRDA:12,3,0,1
BRDA:12,3,1,1
BRDA:19,4,0,6
BRDA:19,4,1,3
BRDA:19,5,0,9
BRDA:19,5,1,3
BRDA:21,6,0,1
BRDA:21,6,1,2
BRDA:29,7,0,8
BRDA:29,7,1,6
BRDA:29,7,2,4
BRF:17
BRH:17
end_of_record
TN:
SF:/Users/Eric/Developer/mtgjson-apps/mtgjson-website/docs/.vuepress/scripts/prettifyType.js
FN:1,(anonymous_0)
FN:7,(anonymous_1)
FNF:2
FNH:2
FNDA:1,(anonymous_0)
FNDA:3,(anonymous_1)
DA:2,1
DA:7,3
LF:2
LH:2
BRF:0
BRH:0
end_of_record
TN:
SF:/Users/Eric/Developer/mtgjson-apps/mtgjson-website/docs/.vuepress/scripts/sort.js
FN:3,(anonymous_0)
FN:18,(anonymous_1)
FN:24,(anonymous_2)
FNF:3
FNH:3
FNDA:5,(anonymous_0)
FNDA:8,(anonymous_1)
FNDA:4,(anonymous_2)
DA:4,5
DA:5,2
DA:8,3
DA:9,1
DA:12,2
DA:13,1
DA:18,1
DA:19,8
DA:20,8
DA:21,8
DA:24,1
DA:25,4
DA:26,4
DA:29,4
LF:14
LH:14
BRDA:3,0,0,1
BRDA:4,1,0,2
BRDA:4,1,1,3
BRDA:8,2,0,1
BRDA:8,2,1,2
BRDA:12,3,0,0
BRDA:12,3,1,2
BRDA:15,4,0,1
BRDA:15,4,1,0
BRDA:19,5,0,8
BRDA:19,5,1,8
BRDA:20,6,0,8
BRDA:20,6,1,8
BRDA:21,7,0,8
BRDA:21,7,1,0
BRDA:29,8,0,2
BRDA:29,8,1,2
BRF:17
BRH:14
end_of_record
